#
# There is insufficient memory for the Java Runtime Environment to continue.
# Native memory allocation (mmap) failed to map 15466496 bytes for committing reserved memory.
# Possible reasons:
#   The system is out of physical RAM or swap space
#   In 32 bit mode, the process size limit was hit
# Possible solutions:
#   Reduce memory load on the system
#   Increase physical memory or swap space
#   Check if swap backing store is full
#   Use 64 bit Java on a 64 bit OS
#   Decrease Java heap size (-Xmx/-Xms)
#   Decrease number of Java threads
#   Decrease Java thread stack sizes (-Xss)
#   Set larger code cache with -XX:ReservedCodeCacheSize=
# This output file may be truncated or incomplete.
#
#  Out of Memory Error (os_linux.cpp:2718), pid=19516, tid=139726629218048
#
# JRE version:  (8.0_05-b13) (build )
# Java VM: Java HotSpot(TM) 64-Bit Server VM (25.5-b02 mixed mode linux-amd64 compressed oops)
# Failed to write core dump. Core dumps have been disabled. To enable core dumping, try "ulimit -c unlimited" before starting Java again
#

---------------  T H R E A D  ---------------

Current thread (0x00000000018cd000):  JavaThread "Unknown thread" [_thread_in_vm, id=19521, stack(0x00007f14a409a000,0x00007f14a419b000)]

Stack: [0x00007f14a409a000,0x00007f14a419b000],  sp=0x00007f14a4199390,  free space=1020k
Native frames: (J=compiled Java code, j=interpreted, Vv=VM code, C=native code)
V  [libjvm.so+0xa2f43a]  VMError::report_and_die()+0x2ca
V  [libjvm.so+0x4b2d5b]  report_vm_out_of_memory(char const*, int, unsigned long, VMErrorType, char const*)+0x8b
V  [libjvm.so+0x89e443]  os::Linux::commit_memory_impl(char*, unsigned long, bool)+0x103
V  [libjvm.so+0x89e999]  os::pd_commit_memory(char*, unsigned long, unsigned long, bool)+0x29
V  [libjvm.so+0x89863a]  os::commit_memory(char*, unsigned long, unsigned long, bool)+0x2a
V  [libjvm.so+0xa2b3b9]  VirtualSpace::expand_by(unsigned long, bool)+0x1c9
V  [libjvm.so+0xa2bf4e]  VirtualSpace::initialize(ReservedSpace, unsigned long)+0xee
V  [libjvm.so+0x5975b1]  CardGeneration::CardGeneration(ReservedSpace, unsigned long, int, GenRemSet*)+0xf1
V  [libjvm.so+0x9d900c]  TenuredGeneration::TenuredGeneration(ReservedSpace, unsigned long, int, GenRemSet*)+0x5c
V  [libjvm.so+0x59882b]  GenerationSpec::init(ReservedSpace, int, GenRemSet*)+0x33b
V  [libjvm.so+0x5873ae]  GenCollectedHeap::initialize()+0x1ee
V  [libjvm.so+0x9fd783]  Universe::initialize_heap()+0xe3
V  [libjvm.so+0x9fdbc4]  universe_init()+0x64
V  [libjvm.so+0x5d45c5]  init_globals()+0x65
V  [libjvm.so+0x9e44ad]  Threads::create_vm(JavaVMInitArgs*, bool*)+0x24d
V  [libjvm.so+0x6659f4]  JNI_CreateJavaVM+0x74
C  [libjli.so+0x703e]  JavaMain+0x9e


---------------  P R O C E S S  ---------------

Java Threads: ( => current thread )

Other Threads:

=>0x00000000018cd000 (exited) JavaThread "Unknown thread" [_thread_in_vm, id=19521, stack(0x00007f14a409a000,0x00007f14a419b000)]

VM state:not at safepoint (not fully initialized)

VM Mutex/Monitor currently owned by a thread: None

GC Heap History (0 events):
No events

Deoptimization events (0 events):
No events

Internal exceptions (0 events):
No events

Events (0 events):
No events


Dynamic libraries:
00400000-00401000 r-xp 00000000 08:01 527557                             /opt/java-oracle/jdk1.8.0_05/bin/java
00600000-00601000 rw-p 00000000 08:01 527557                             /opt/java-oracle/jdk1.8.0_05/bin/java
018c2000-01904000 rw-p 00000000 00:00 0                                  [heap]
f0600000-f0740000 rw-p 00000000 00:00 0 
f0740000-f5950000 ---p 00000000 00:00 0 
f6810000-100000000 ---p 00000000 00:00 0 
7f1491d6f000-7f1491fe1000 rw-p 00000000 00:00 0 
7f1491fe1000-7f1492397000 ---p 00000000 00:00 0 
7f1492397000-7f1492607000 rwxp 00000000 00:00 0 
7f1492607000-7f14a1397000 ---p 00000000 00:00 0 
7f14a1397000-7f14a13b3000 r-xp 00000000 08:01 526287                     /opt/java-oracle/jdk1.8.0_05/jre/lib/amd64/libzip.so
7f14a13b3000-7f14a15b2000 ---p 0001c000 08:01 526287                     /opt/java-oracle/jdk1.8.0_05/jre/lib/amd64/libzip.so
7f14a15b2000-7f14a15b3000 rw-p 0001b000 08:01 526287                     /opt/java-oracle/jdk1.8.0_05/jre/lib/amd64/libzip.so
7f14a15b3000-7f14a15be000 r-xp 00000000 08:01 1835028                    /lib/x86_64-linux-gnu/libnss_files-2.13.so
7f14a15be000-7f14a17bd000 ---p 0000b000 08:01 1835028                    /lib/x86_64-linux-gnu/libnss_files-2.13.so
7f14a17bd000-7f14a17be000 r--p 0000a000 08:01 1835028                    /lib/x86_64-linux-gnu/libnss_files-2.13.so
7f14a17be000-7f14a17bf000 rw-p 0000b000 08:01 1835028                    /lib/x86_64-linux-gnu/libnss_files-2.13.so
7f14a17bf000-7f14a17c9000 r-xp 00000000 08:01 1835024                    /lib/x86_64-linux-gnu/libnss_nis-2.13.so
7f14a17c9000-7f14a19c8000 ---p 0000a000 08:01 1835024                    /lib/x86_64-linux-gnu/libnss_nis-2.13.so
7f14a19c8000-7f14a19c9000 r--p 00009000 08:01 1835024                    /lib/x86_64-linux-gnu/libnss_nis-2.13.so
7f14a19c9000-7f14a19ca000 rw-p 0000a000 08:01 1835024                    /lib/x86_64-linux-gnu/libnss_nis-2.13.so
7f14a19ca000-7f14a19df000 r-xp 00000000 08:01 1835022                    /lib/x86_64-linux-gnu/libnsl-2.13.so
7f14a19df000-7f14a1bde000 ---p 00015000 08:01 1835022                    /lib/x86_64-linux-gnu/libnsl-2.13.so
7f14a1bde000-7f14a1bdf000 r--p 00014000 08:01 1835022                    /lib/x86_64-linux-gnu/libnsl-2.13.so
7f14a1bdf000-7f14a1be0000 rw-p 00015000 08:01 1835022                    /lib/x86_64-linux-gnu/libnsl-2.13.so
7f14a1be0000-7f14a1be2000 rw-p 00000000 00:00 0 
7f14a1be2000-7f14a1be9000 r-xp 00000000 08:01 1835017                    /lib/x86_64-linux-gnu/libnss_compat-2.13.so
7f14a1be9000-7f14a1de8000 ---p 00007000 08:01 1835017                    /lib/x86_64-linux-gnu/libnss_compat-2.13.so
7f14a1de8000-7f14a1de9000 r--p 00006000 08:01 1835017                    /lib/x86_64-linux-gnu/libnss_compat-2.13.so
7f14a1de9000-7f14a1dea000 rw-p 00007000 08:01 1835017                    /lib/x86_64-linux-gnu/libnss_compat-2.13.so
7f14a1dea000-7f14a1e14000 r-xp 00000000 08:01 526285                     /opt/java-oracle/jdk1.8.0_05/jre/lib/amd64/libjava.so
7f14a1e14000-7f14a2014000 ---p 0002a000 08:01 526285                     /opt/java-oracle/jdk1.8.0_05/jre/lib/amd64/libjava.so
7f14a2014000-7f14a2016000 rw-p 0002a000 08:01 526285                     /opt/java-oracle/jdk1.8.0_05/jre/lib/amd64/libjava.so
7f14a2016000-7f14a2023000 r-xp 00000000 08:01 526292                     /opt/java-oracle/jdk1.8.0_05/jre/lib/amd64/libverify.so
7f14a2023000-7f14a2223000 ---p 0000d000 08:01 526292                     /opt/java-oracle/jdk1.8.0_05/jre/lib/amd64/libverify.so
7f14a2223000-7f14a2225000 rw-p 0000d000 08:01 526292                     /opt/java-oracle/jdk1.8.0_05/jre/lib/amd64/libverify.so
7f14a2225000-7f14a222c000 r-xp 00000000 08:01 1835032                    /lib/x86_64-linux-gnu/librt-2.13.so
7f14a222c000-7f14a242b000 ---p 00007000 08:01 1835032                    /lib/x86_64-linux-gnu/librt-2.13.so
7f14a242b000-7f14a242c000 r--p 00006000 08:01 1835032                    /lib/x86_64-linux-gnu/librt-2.13.so
7f14a242c000-7f14a242d000 rw-p 00007000 08:01 1835032                    /lib/x86_64-linux-gnu/librt-2.13.so
7f14a242d000-7f14a24ae000 r-xp 00000000 08:01 1835019                    /lib/x86_64-linux-gnu/libm-2.13.so
7f14a24ae000-7f14a26ad000 ---p 00081000 08:01 1835019                    /lib/x86_64-linux-gnu/libm-2.13.so
7f14a26ad000-7f14a26ae000 r--p 00080000 08:01 1835019                    /lib/x86_64-linux-gnu/libm-2.13.so
7f14a26ae000-7f14a26af000 rw-p 00081000 08:01 1835019                    /lib/x86_64-linux-gnu/libm-2.13.so
7f14a26af000-7f14a32c9000 r-xp 00000000 08:01 526277                     /opt/java-oracle/jdk1.8.0_05/jre/lib/amd64/server/libjvm.so
7f14a32c9000-7f14a34c8000 ---p 00c1a000 08:01 526277                     /opt/java-oracle/jdk1.8.0_05/jre/lib/amd64/server/libjvm.so
7f14a34c8000-7f14a3591000 rw-p 00c19000 08:01 526277                     /opt/java-oracle/jdk1.8.0_05/jre/lib/amd64/server/libjvm.so
7f14a3591000-7f14a35d2000 rw-p 00000000 00:00 0 
7f14a35d2000-7f14a3754000 r-xp 00000000 08:01 1835011                    /lib/x86_64-linux-gnu/libc-2.13.so
7f14a3754000-7f14a3953000 ---p 00182000 08:01 1835011                    /lib/x86_64-linux-gnu/libc-2.13.so
7f14a3953000-7f14a3957000 r--p 00181000 08:01 1835011                    /lib/x86_64-linux-gnu/libc-2.13.so
7f14a3957000-7f14a3958000 rw-p 00185000 08:01 1835011                    /lib/x86_64-linux-gnu/libc-2.13.so
7f14a3958000-7f14a395d000 rw-p 00000000 00:00 0 
7f14a395d000-7f14a395f000 r-xp 00000000 08:01 1835026                    /lib/x86_64-linux-gnu/libdl-2.13.so
7f14a395f000-7f14a3b5f000 ---p 00002000 08:01 1835026                    /lib/x86_64-linux-gnu/libdl-2.13.so
7f14a3b5f000-7f14a3b60000 r--p 00002000 08:01 1835026                    /lib/x86_64-linux-gnu/libdl-2.13.so
7f14a3b60000-7f14a3b61000 rw-p 00003000 08:01 1835026                    /lib/x86_64-linux-gnu/libdl-2.13.so
7f14a3b61000-7f14a3b78000 r-xp 00000000 08:01 527515                     /opt/java-oracle/jdk1.8.0_05/lib/amd64/jli/libjli.so
7f14a3b78000-7f14a3d77000 ---p 00017000 08:01 527515                     /opt/java-oracle/jdk1.8.0_05/lib/amd64/jli/libjli.so
7f14a3d77000-7f14a3d78000 rw-p 00016000 08:01 527515                     /opt/java-oracle/jdk1.8.0_05/lib/amd64/jli/libjli.so
7f14a3d78000-7f14a3d8f000 r-xp 00000000 08:01 1835030                    /lib/x86_64-linux-gnu/libpthread-2.13.so
7f14a3d8f000-7f14a3f8e000 ---p 00017000 08:01 1835030                    /lib/x86_64-linux-gnu/libpthread-2.13.so
7f14a3f8e000-7f14a3f8f000 r--p 00016000 08:01 1835030                    /lib/x86_64-linux-gnu/libpthread-2.13.so
7f14a3f8f000-7f14a3f90000 rw-p 00017000 08:01 1835030                    /lib/x86_64-linux-gnu/libpthread-2.13.so
7f14a3f90000-7f14a3f94000 rw-p 00000000 00:00 0 
7f14a3f94000-7f14a3fb4000 r-xp 00000000 08:01 1835034                    /lib/x86_64-linux-gnu/ld-2.13.so
7f14a401c000-7f14a401d000 rw-p 00000000 00:00 0 
7f14a401d000-7f14a4099000 ---p 00000000 00:00 0 
7f14a4099000-7f14a409a000 rw-p 00000000 00:00 0 
7f14a409a000-7f14a409d000 ---p 00000000 00:00 0 
7f14a409d000-7f14a419f000 rw-p 00000000 00:00 0 
7f14a41a5000-7f14a41a7000 rw-p 00000000 00:00 0 
7f14a41a7000-7f14a41af000 rw-s 00000000 08:01 3806413                    /tmp/hsperfdata_reath/19516
7f14a41af000-7f14a41b0000 rw-p 00000000 00:00 0 
7f14a41b0000-7f14a41b1000 r--p 00000000 00:00 0 
7f14a41b1000-7f14a41b3000 rw-p 00000000 00:00 0 
7f14a41b3000-7f14a41b4000 r--p 0001f000 08:01 1835034                    /lib/x86_64-linux-gnu/ld-2.13.so
7f14a41b4000-7f14a41b5000 rw-p 00020000 08:01 1835034                    /lib/x86_64-linux-gnu/ld-2.13.so
7f14a41b5000-7f14a41b6000 rw-p 00000000 00:00 0 
7fff25c05000-7fff25c26000 rw-p 00000000 00:00 0                          [stack]
7fff25dda000-7fff25ddb000 r-xp 00000000 00:00 0                          [vdso]
ffffffffff600000-ffffffffff601000 r-xp 00000000 00:00 0                  [vsyscall]

VM Arguments:
jvm_args: -Dfile.encoding=UTF-8 
java_command: HangManLogic
java_class_path (initial): /home/reath/workspace/Hangman/bin:/home/reath/workspace/Hangman/lib/jsoup-1.7.3.jar
Launcher Type: SUN_STANDARD

Environment Variables:
PATH=/usr/local/bin:/usr/bin:/bin:/usr/local/games:/usr/games
USERNAME=reath
SHELL=/bin/bash
DISPLAY=:0.0

Signal Handlers:
SIGSEGV: [libjvm.so+0xa2fc90], sa_mask[0]=0x7ffbfeff, sa_flags=0x10000004
SIGBUS: [libjvm.so+0xa2fc90], sa_mask[0]=0x7ffbfeff, sa_flags=0x10000004
SIGFPE: [libjvm.so+0x89b4b0], sa_mask[0]=0x7ffbfeff, sa_flags=0x10000004
SIGPIPE: [libjvm.so+0x89b4b0], sa_mask[0]=0x7ffbfeff, sa_flags=0x10000004
SIGXFSZ: [libjvm.so+0x89b4b0], sa_mask[0]=0x7ffbfeff, sa_flags=0x10000004
SIGILL: [libjvm.so+0x89b4b0], sa_mask[0]=0x7ffbfeff, sa_flags=0x10000004
SIGUSR1: SIG_DFL, sa_mask[0]=0x00000000, sa_flags=0x00000000
SIGUSR2: [libjvm.so+0x89cc50], sa_mask[0]=0x00000004, sa_flags=0x10000004
SIGHUP: SIG_DFL, sa_mask[0]=0x00000000, sa_flags=0x00000000
SIGINT: SIG_DFL, sa_mask[0]=0x00000000, sa_flags=0x00000000
SIGTERM: SIG_DFL, sa_mask[0]=0x00000000, sa_flags=0x00000000
SIGQUIT: SIG_DFL, sa_mask[0]=0x00000000, sa_flags=0x00000000


---------------  S Y S T E M  ---------------

OS:PRETTY_NAME="Debian GNU/Linux 7 (wheezy)"
NAME="Debian GNU/Linux"
VERSION_ID="7"
VERSION="7 (wheezy)"
ID=debian
ANSI_COLOR="1;31"
HOME_URL="http://www.debian.org/"
SUPPORT_URL="http://www.debian.org/support/"
BUG_REPORT_URL="http://bugs.debian.org/"

uname:Linux 3.2.0-4-amd64 #1 SMP Debian 3.2.57-3 x86_64
libc:glibc 2.13 NPTL 2.13 
rlimit: STACK 8192k, CORE 0k, NPROC 7901, NOFILE 4096, AS infinity
load average:1.33 2.87 4.02

/proc/meminfo:
MemTotal:        1023536 kB
MemFree:           49272 kB
Buffers:             144 kB
Cached:            16952 kB
SwapCached:         2848 kB
Active:           429972 kB
Inactive:         430504 kB
Active(anon):     421980 kB
Inactive(anon):   422240 kB
Active(file):       7992 kB
Inactive(file):     8264 kB
Unevictable:          24 kB
Mlocked:              24 kB
SwapTotal:       2094076 kB
SwapFree:              0 kB
Dirty:                84 kB
Writeback:             4 kB
AnonPages:        840900 kB
Mapped:            12256 kB
Shmem:               796 kB
Slab:              36280 kB
SReclaimable:       8688 kB
SUnreclaim:        27592 kB
KernelStack:       17664 kB
PageTables:        42076 kB
NFS_Unstable:          0 kB
Bounce:                0 kB
WritebackTmp:          0 kB
CommitLimit:     2605844 kB
Committed_AS:    7616900 kB
VmallocTotal:   34359738367 kB
VmallocUsed:       22132 kB
VmallocChunk:   34359708279 kB
HardwareCorrupted:     0 kB
AnonHugePages:         0 kB
HugePages_Total:       0
HugePages_Free:        0
HugePages_Rsvd:        0
HugePages_Surp:        0
Hugepagesize:       2048 kB
DirectMap4k:       49088 kB
DirectMap2M:      999424 kB


CPU:total 1 (1 cores per cpu, 1 threads per core) family 6 model 70 stepping 1, cmov, cx8, fxsr, mmx, sse, sse2, sse3, ssse3, sse4.1, sse4.2, popcnt, avx, aes, clmul, erms, tsc, tscinvbit

/proc/cpuinfo:
processor	: 0
vendor_id	: GenuineIntel
cpu family	: 6
model		: 70
model name	: Intel(R) Core(TM) i7-4850HQ CPU @ 2.30GHz
stepping	: 1
cpu MHz		: 2294.000
cache size	: 6144 KB
fpu		: yes
fpu_exception	: yes
cpuid level	: 13
wp		: yes
flags		: fpu vme de pse tsc msr pae mce cx8 apic sep mtrr pge mca cmov pat pse36 clflush mmx fxsr sse sse2 ss ht syscall nx rdtscp lm constant_tsc up nopl xtopology nonstop_tsc pni pclmulqdq ssse3 cx16 pcid sse4_1 sse4_2 x2apic movbe popcnt aes xsave avx f16c rdrand hypervisor lahf_lm ida arat fsgsbase smep
bogomips	: 4588.00
clflush size	: 64
cache_alignment	: 64
address sizes	: 36 bits physical, 48 bits virtual
power management:



Memory: 4k page, physical 1023536k(49148k free), swap 2094076k(0k free)

vm_info: Java HotSpot(TM) 64-Bit Server VM (25.5-b02) for linux-amd64 JRE (1.8.0_05-b13), built on Mar 18 2014 00:29:27 by "java_re" with gcc 4.3.0 20080428 (Red Hat 4.3.0-8)

time: Sun May 18 20:40:48 2014
elapsed time: 0 seconds

