#
# There is insufficient memory for the Java Runtime Environment to continue.
# Native memory allocation (mmap) failed to map 2555904 bytes for committing reserved memory.
# Possible reasons:
#   The system is out of physical RAM or swap space
#   In 32 bit mode, the process size limit was hit
# Possible solutions:
#   Reduce memory load on the system
#   Increase physical memory or swap space
#   Check if swap backing store is full
#   Use 64 bit Java on a 64 bit OS
#   Decrease Java heap size (-Xmx/-Xms)
#   Decrease number of Java threads
#   Decrease Java thread stack sizes (-Xss)
#   Set larger code cache with -XX:ReservedCodeCacheSize=
# This output file may be truncated or incomplete.
#
#  Out of Memory Error (os_linux.cpp:2718), pid=18781, tid=140179480917760
#
# JRE version:  (8.0_05-b13) (build )
# Java VM: Java HotSpot(TM) 64-Bit Server VM (25.5-b02 mixed mode linux-amd64 compressed oops)
# Failed to write core dump. Core dumps have been disabled. To enable core dumping, try "ulimit -c unlimited" before starting Java again
#

---------------  T H R E A D  ---------------

Current thread (0x0000000000622000):  JavaThread "Unknown thread" [_thread_in_vm, id=18786, stack(0x00007f7e141a3000,0x00007f7e142a4000)]

Stack: [0x00007f7e141a3000,0x00007f7e142a4000],  sp=0x00007f7e142a2630,  free space=1021k
Native frames: (J=compiled Java code, j=interpreted, Vv=VM code, C=native code)
V  [libjvm.so+0xa2f43a]  VMError::report_and_die()+0x2ca
V  [libjvm.so+0x4b2d5b]  report_vm_out_of_memory(char const*, int, unsigned long, VMErrorType, char const*)+0x8b
V  [libjvm.so+0x89e443]  os::Linux::commit_memory_impl(char*, unsigned long, bool)+0x103
V  [libjvm.so+0x89e999]  os::pd_commit_memory(char*, unsigned long, unsigned long, bool)+0x29
V  [libjvm.so+0x89863a]  os::commit_memory(char*, unsigned long, unsigned long, bool)+0x2a
V  [libjvm.so+0xa2b3b9]  VirtualSpace::expand_by(unsigned long, bool)+0x1c9
V  [libjvm.so+0xa2bf4e]  VirtualSpace::initialize(ReservedSpace, unsigned long)+0xee
V  [libjvm.so+0x5b2f0e]  CodeHeap::reserve(unsigned long, unsigned long, unsigned long)+0x12e
V  [libjvm.so+0x43c600]  CodeCache::initialize()+0x80
V  [libjvm.so+0x5d45a5]  init_globals()+0x45
V  [libjvm.so+0x9e44ad]  Threads::create_vm(JavaVMInitArgs*, bool*)+0x24d
V  [libjvm.so+0x6659f4]  JNI_CreateJavaVM+0x74
C  [libjli.so+0x703e]  JavaMain+0x9e


---------------  P R O C E S S  ---------------

Java Threads: ( => current thread )

Other Threads:

=>0x0000000000622000 (exited) JavaThread "Unknown thread" [_thread_in_vm, id=18786, stack(0x00007f7e141a3000,0x00007f7e142a4000)]

VM state:not at safepoint (not fully initialized)

VM Mutex/Monitor currently owned by a thread: None

Deoptimization events (0 events):
No events

Internal exceptions (0 events):
No events

Events (0 events):
No events


Dynamic libraries:
00400000-00401000 r-xp 00000000 08:01 527557                             /opt/java-oracle/jdk1.8.0_05/bin/java
00600000-00601000 rw-p 00000000 08:01 527557                             /opt/java-oracle/jdk1.8.0_05/bin/java
00617000-00638000 rw-p 00000000 00:00 0                                  [heap]
7f7dfc000000-7f7dfc1a2000 rw-p 00000000 00:00 0 
7f7dfc1a2000-7f7e00000000 ---p 00000000 00:00 0 
7f7e02629000-7f7e02710000 rw-p 00000000 00:00 0 
7f7e02710000-7f7e114a0000 ---p 00000000 00:00 0 
7f7e114a0000-7f7e114bc000 r-xp 00000000 08:01 526287                     /opt/java-oracle/jdk1.8.0_05/jre/lib/amd64/libzip.so
7f7e114bc000-7f7e116bb000 ---p 0001c000 08:01 526287                     /opt/java-oracle/jdk1.8.0_05/jre/lib/amd64/libzip.so
7f7e116bb000-7f7e116bc000 rw-p 0001b000 08:01 526287                     /opt/java-oracle/jdk1.8.0_05/jre/lib/amd64/libzip.so
7f7e116bc000-7f7e116c7000 r-xp 00000000 08:01 1835028                    /lib/x86_64-linux-gnu/libnss_files-2.13.so
7f7e116c7000-7f7e118c6000 ---p 0000b000 08:01 1835028                    /lib/x86_64-linux-gnu/libnss_files-2.13.so
7f7e118c6000-7f7e118c7000 r--p 0000a000 08:01 1835028                    /lib/x86_64-linux-gnu/libnss_files-2.13.so
7f7e118c7000-7f7e118c8000 rw-p 0000b000 08:01 1835028                    /lib/x86_64-linux-gnu/libnss_files-2.13.so
7f7e118c8000-7f7e118d2000 r-xp 00000000 08:01 1835024                    /lib/x86_64-linux-gnu/libnss_nis-2.13.so
7f7e118d2000-7f7e11ad1000 ---p 0000a000 08:01 1835024                    /lib/x86_64-linux-gnu/libnss_nis-2.13.so
7f7e11ad1000-7f7e11ad2000 r--p 00009000 08:01 1835024                    /lib/x86_64-linux-gnu/libnss_nis-2.13.so
7f7e11ad2000-7f7e11ad3000 rw-p 0000a000 08:01 1835024                    /lib/x86_64-linux-gnu/libnss_nis-2.13.so
7f7e11ad3000-7f7e11ae8000 r-xp 00000000 08:01 1835022                    /lib/x86_64-linux-gnu/libnsl-2.13.so
7f7e11ae8000-7f7e11ce7000 ---p 00015000 08:01 1835022                    /lib/x86_64-linux-gnu/libnsl-2.13.so
7f7e11ce7000-7f7e11ce8000 r--p 00014000 08:01 1835022                    /lib/x86_64-linux-gnu/libnsl-2.13.so
7f7e11ce8000-7f7e11ce9000 rw-p 00015000 08:01 1835022                    /lib/x86_64-linux-gnu/libnsl-2.13.so
7f7e11ce9000-7f7e11ceb000 rw-p 00000000 00:00 0 
7f7e11ceb000-7f7e11cf2000 r-xp 00000000 08:01 1835017                    /lib/x86_64-linux-gnu/libnss_compat-2.13.so
7f7e11cf2000-7f7e11ef1000 ---p 00007000 08:01 1835017                    /lib/x86_64-linux-gnu/libnss_compat-2.13.so
7f7e11ef1000-7f7e11ef2000 r--p 00006000 08:01 1835017                    /lib/x86_64-linux-gnu/libnss_compat-2.13.so
7f7e11ef2000-7f7e11ef3000 rw-p 00007000 08:01 1835017                    /lib/x86_64-linux-gnu/libnss_compat-2.13.so
7f7e11ef3000-7f7e11f1d000 r-xp 00000000 08:01 526285                     /opt/java-oracle/jdk1.8.0_05/jre/lib/amd64/libjava.so
7f7e11f1d000-7f7e1211d000 ---p 0002a000 08:01 526285                     /opt/java-oracle/jdk1.8.0_05/jre/lib/amd64/libjava.so
7f7e1211d000-7f7e1211f000 rw-p 0002a000 08:01 526285                     /opt/java-oracle/jdk1.8.0_05/jre/lib/amd64/libjava.so
7f7e1211f000-7f7e1212c000 r-xp 00000000 08:01 526292                     /opt/java-oracle/jdk1.8.0_05/jre/lib/amd64/libverify.so
7f7e1212c000-7f7e1232c000 ---p 0000d000 08:01 526292                     /opt/java-oracle/jdk1.8.0_05/jre/lib/amd64/libverify.so
7f7e1232c000-7f7e1232e000 rw-p 0000d000 08:01 526292                     /opt/java-oracle/jdk1.8.0_05/jre/lib/amd64/libverify.so
7f7e1232e000-7f7e12335000 r-xp 00000000 08:01 1835032                    /lib/x86_64-linux-gnu/librt-2.13.so
7f7e12335000-7f7e12534000 ---p 00007000 08:01 1835032                    /lib/x86_64-linux-gnu/librt-2.13.so
7f7e12534000-7f7e12535000 r--p 00006000 08:01 1835032                    /lib/x86_64-linux-gnu/librt-2.13.so
7f7e12535000-7f7e12536000 rw-p 00007000 08:01 1835032                    /lib/x86_64-linux-gnu/librt-2.13.so
7f7e12536000-7f7e125b7000 r-xp 00000000 08:01 1835019                    /lib/x86_64-linux-gnu/libm-2.13.so
7f7e125b7000-7f7e127b6000 ---p 00081000 08:01 1835019                    /lib/x86_64-linux-gnu/libm-2.13.so
7f7e127b6000-7f7e127b7000 r--p 00080000 08:01 1835019                    /lib/x86_64-linux-gnu/libm-2.13.so
7f7e127b7000-7f7e127b8000 rw-p 00081000 08:01 1835019                    /lib/x86_64-linux-gnu/libm-2.13.so
7f7e127b8000-7f7e133d2000 r-xp 00000000 08:01 526277                     /opt/java-oracle/jdk1.8.0_05/jre/lib/amd64/server/libjvm.so
7f7e133d2000-7f7e135d1000 ---p 00c1a000 08:01 526277                     /opt/java-oracle/jdk1.8.0_05/jre/lib/amd64/server/libjvm.so
7f7e135d1000-7f7e1369a000 rw-p 00c19000 08:01 526277                     /opt/java-oracle/jdk1.8.0_05/jre/lib/amd64/server/libjvm.so
7f7e1369a000-7f7e136db000 rw-p 00000000 00:00 0 
7f7e136db000-7f7e1385d000 r-xp 00000000 08:01 1835011                    /lib/x86_64-linux-gnu/libc-2.13.so
7f7e1385d000-7f7e13a5c000 ---p 00182000 08:01 1835011                    /lib/x86_64-linux-gnu/libc-2.13.so
7f7e13a5c000-7f7e13a60000 r--p 00181000 08:01 1835011                    /lib/x86_64-linux-gnu/libc-2.13.so
7f7e13a60000-7f7e13a61000 rw-p 00185000 08:01 1835011                    /lib/x86_64-linux-gnu/libc-2.13.so
7f7e13a61000-7f7e13a66000 rw-p 00000000 00:00 0 
7f7e13a66000-7f7e13a68000 r-xp 00000000 08:01 1835026                    /lib/x86_64-linux-gnu/libdl-2.13.so
7f7e13a68000-7f7e13c68000 ---p 00002000 08:01 1835026                    /lib/x86_64-linux-gnu/libdl-2.13.so
7f7e13c68000-7f7e13c69000 r--p 00002000 08:01 1835026                    /lib/x86_64-linux-gnu/libdl-2.13.so
7f7e13c69000-7f7e13c6a000 rw-p 00003000 08:01 1835026                    /lib/x86_64-linux-gnu/libdl-2.13.so
7f7e13c6a000-7f7e13c81000 r-xp 00000000 08:01 527515                     /opt/java-oracle/jdk1.8.0_05/lib/amd64/jli/libjli.so
7f7e13c81000-7f7e13e80000 ---p 00017000 08:01 527515                     /opt/java-oracle/jdk1.8.0_05/lib/amd64/jli/libjli.so
7f7e13e80000-7f7e13e81000 rw-p 00016000 08:01 527515                     /opt/java-oracle/jdk1.8.0_05/lib/amd64/jli/libjli.so
7f7e13e81000-7f7e13e98000 r-xp 00000000 08:01 1835030                    /lib/x86_64-linux-gnu/libpthread-2.13.so
7f7e13e98000-7f7e14097000 ---p 00017000 08:01 1835030                    /lib/x86_64-linux-gnu/libpthread-2.13.so
7f7e14097000-7f7e14098000 r--p 00016000 08:01 1835030                    /lib/x86_64-linux-gnu/libpthread-2.13.so
7f7e14098000-7f7e14099000 rw-p 00017000 08:01 1835030                    /lib/x86_64-linux-gnu/libpthread-2.13.so
7f7e14099000-7f7e1409d000 rw-p 00000000 00:00 0 
7f7e1409d000-7f7e140bd000 r-xp 00000000 08:01 1835034                    /lib/x86_64-linux-gnu/ld-2.13.so
7f7e141a3000-7f7e141a6000 ---p 00000000 00:00 0 
7f7e141a6000-7f7e142a8000 rw-p 00000000 00:00 0 
7f7e142af000-7f7e142b0000 rw-p 00000000 00:00 0 
7f7e142b0000-7f7e142b8000 rw-s 00000000 08:01 3806412                    /tmp/hsperfdata_reath/18781
7f7e142b8000-7f7e142b9000 rw-p 00000000 00:00 0 
7f7e142b9000-7f7e142ba000 r--p 00000000 00:00 0 
7f7e142ba000-7f7e142bc000 rw-p 00000000 00:00 0 
7f7e142bc000-7f7e142bd000 r--p 0001f000 08:01 1835034                    /lib/x86_64-linux-gnu/ld-2.13.so
7f7e142bd000-7f7e142be000 rw-p 00020000 08:01 1835034                    /lib/x86_64-linux-gnu/ld-2.13.so
7f7e142be000-7f7e142bf000 rw-p 00000000 00:00 0 
7fff8be26000-7fff8be47000 rw-p 00000000 00:00 0                          [stack]
7fff8bf3a000-7fff8bf3b000 r-xp 00000000 00:00 0                          [vdso]
ffffffffff600000-ffffffffff601000 r-xp 00000000 00:00 0                  [vsyscall]

VM Arguments:
jvm_args: -Dfile.encoding=UTF-8 
java_command: HangManLogic
java_class_path (initial): /home/reath/workspace/Hangman/bin:/home/reath/workspace/Hangman/lib/jsoup-1.7.3.jar
Launcher Type: SUN_STANDARD

Environment Variables:
PATH=/usr/local/bin:/usr/bin:/bin:/usr/local/games:/usr/games
USERNAME=reath
SHELL=/bin/bash
DISPLAY=:0.0

Signal Handlers:
SIGSEGV: [libjvm.so+0xa2fc90], sa_mask[0]=0x7ffbfeff, sa_flags=0x10000004
SIGBUS: [libjvm.so+0xa2fc90], sa_mask[0]=0x7ffbfeff, sa_flags=0x10000004
SIGFPE: [libjvm.so+0x89b4b0], sa_mask[0]=0x7ffbfeff, sa_flags=0x10000004
SIGPIPE: [libjvm.so+0x89b4b0], sa_mask[0]=0x7ffbfeff, sa_flags=0x10000004
SIGXFSZ: [libjvm.so+0x89b4b0], sa_mask[0]=0x7ffbfeff, sa_flags=0x10000004
SIGILL: [libjvm.so+0x89b4b0], sa_mask[0]=0x7ffbfeff, sa_flags=0x10000004
SIGUSR1: SIG_DFL, sa_mask[0]=0x00000000, sa_flags=0x00000000
SIGUSR2: [libjvm.so+0x89cc50], sa_mask[0]=0x00000004, sa_flags=0x10000004
SIGHUP: SIG_DFL, sa_mask[0]=0x00000000, sa_flags=0x00000000
SIGINT: SIG_DFL, sa_mask[0]=0x00000000, sa_flags=0x00000000
SIGTERM: SIG_DFL, sa_mask[0]=0x00000000, sa_flags=0x00000000
SIGQUIT: SIG_DFL, sa_mask[0]=0x00000000, sa_flags=0x00000000


---------------  S Y S T E M  ---------------

OS:PRETTY_NAME="Debian GNU/Linux 7 (wheezy)"
NAME="Debian GNU/Linux"
VERSION_ID="7"
VERSION="7 (wheezy)"
ID=debian
ANSI_COLOR="1;31"
HOME_URL="http://www.debian.org/"
SUPPORT_URL="http://www.debian.org/support/"
BUG_REPORT_URL="http://bugs.debian.org/"

uname:Linux 3.2.0-4-amd64 #1 SMP Debian 3.2.57-3 x86_64
libc:glibc 2.13 NPTL 2.13 
rlimit: STACK 8192k, CORE 0k, NPROC 7901, NOFILE 4096, AS infinity
load average:27.95 7.81 3.44

/proc/meminfo:
MemTotal:        1023536 kB
MemFree:           49288 kB
Buffers:             100 kB
Cached:             6092 kB
SwapCached:         7224 kB
Active:           429752 kB
Inactive:         430528 kB
Active(anon):     427380 kB
Inactive(anon):   427540 kB
Active(file):       2372 kB
Inactive(file):     2988 kB
Unevictable:          24 kB
Mlocked:              24 kB
SwapTotal:       2094076 kB
SwapFree:              0 kB
Dirty:                64 kB
Writeback:             4 kB
AnonPages:        847092 kB
Mapped:             3484 kB
Shmem:               776 kB
Slab:              36844 kB
SReclaimable:       9132 kB
SUnreclaim:        27712 kB
KernelStack:       17568 kB
PageTables:        41888 kB
NFS_Unstable:          0 kB
Bounce:                0 kB
WritebackTmp:          0 kB
CommitLimit:     2605844 kB
Committed_AS:    7585656 kB
VmallocTotal:   34359738367 kB
VmallocUsed:       22132 kB
VmallocChunk:   34359702135 kB
HardwareCorrupted:     0 kB
AnonHugePages:         0 kB
HugePages_Total:       0
HugePages_Free:        0
HugePages_Rsvd:        0
HugePages_Surp:        0
Hugepagesize:       2048 kB
DirectMap4k:       49088 kB
DirectMap2M:      999424 kB


CPU:total 1 

/proc/cpuinfo:
processor	: 0
vendor_id	: GenuineIntel
cpu family	: 6
model		: 70
model name	: Intel(R) Core(TM) i7-4850HQ CPU @ 2.30GHz
stepping	: 1
cpu MHz		: 2294.000
cache size	: 6144 KB
fpu		: yes
fpu_exception	: yes
cpuid level	: 13
wp		: yes
flags		: fpu vme de pse tsc msr pae mce cx8 apic sep mtrr pge mca cmov pat pse36 clflush mmx fxsr sse sse2 ss ht syscall nx rdtscp lm constant_tsc up nopl xtopology nonstop_tsc pni pclmulqdq ssse3 cx16 pcid sse4_1 sse4_2 x2apic movbe popcnt aes xsave avx f16c rdrand hypervisor lahf_lm ida arat fsgsbase smep
bogomips	: 4588.00
clflush size	: 64
cache_alignment	: 64
address sizes	: 36 bits physical, 48 bits virtual
power management:



Memory: 4k page, physical 1023536k(49288k free), swap 2094076k(0k free)

vm_info: Java HotSpot(TM) 64-Bit Server VM (25.5-b02) for linux-amd64 JRE (1.8.0_05-b13), built on Mar 18 2014 00:29:27 by "java_re" with gcc 4.3.0 20080428 (Red Hat 4.3.0-8)

time: Sun May 18 18:42:53 2014
elapsed time: 0 seconds

