#
# There is insufficient memory for the Java Runtime Environment to continue.
# Native memory allocation (mmap) failed to map 15466496 bytes for committing reserved memory.
# Possible reasons:
#   The system is out of physical RAM or swap space
#   In 32 bit mode, the process size limit was hit
# Possible solutions:
#   Reduce memory load on the system
#   Increase physical memory or swap space
#   Check if swap backing store is full
#   Use 64 bit Java on a 64 bit OS
#   Decrease Java heap size (-Xmx/-Xms)
#   Decrease number of Java threads
#   Decrease Java thread stack sizes (-Xss)
#   Set larger code cache with -XX:ReservedCodeCacheSize=
# This output file may be truncated or incomplete.
#
#  Out of Memory Error (os_linux.cpp:2718), pid=18732, tid=140027453675264
#
# JRE version:  (8.0_05-b13) (build )
# Java VM: Java HotSpot(TM) 64-Bit Server VM (25.5-b02 mixed mode linux-amd64 compressed oops)
# Failed to write core dump. Core dumps have been disabled. To enable core dumping, try "ulimit -c unlimited" before starting Java again
#

---------------  T H R E A D  ---------------

Current thread (0x000000000226c000):  JavaThread "Unknown thread" [_thread_in_vm, id=18745, stack(0x00007f5aae929000,0x00007f5aaea2a000)]

Stack: [0x00007f5aae929000,0x00007f5aaea2a000],  sp=0x00007f5aaea28390,  free space=1020k
Native frames: (J=compiled Java code, j=interpreted, Vv=VM code, C=native code)
V  [libjvm.so+0xa2f43a]  VMError::report_and_die()+0x2ca
V  [libjvm.so+0x4b2d5b]  report_vm_out_of_memory(char const*, int, unsigned long, VMErrorType, char const*)+0x8b
V  [libjvm.so+0x89e443]  os::Linux::commit_memory_impl(char*, unsigned long, bool)+0x103
V  [libjvm.so+0x89e999]  os::pd_commit_memory(char*, unsigned long, unsigned long, bool)+0x29
V  [libjvm.so+0x89863a]  os::commit_memory(char*, unsigned long, unsigned long, bool)+0x2a
V  [libjvm.so+0xa2b3b9]  VirtualSpace::expand_by(unsigned long, bool)+0x1c9
V  [libjvm.so+0xa2bf4e]  VirtualSpace::initialize(ReservedSpace, unsigned long)+0xee
V  [libjvm.so+0x5975b1]  CardGeneration::CardGeneration(ReservedSpace, unsigned long, int, GenRemSet*)+0xf1
V  [libjvm.so+0x9d900c]  TenuredGeneration::TenuredGeneration(ReservedSpace, unsigned long, int, GenRemSet*)+0x5c
V  [libjvm.so+0x59882b]  GenerationSpec::init(ReservedSpace, int, GenRemSet*)+0x33b
V  [libjvm.so+0x5873ae]  GenCollectedHeap::initialize()+0x1ee
V  [libjvm.so+0x9fd783]  Universe::initialize_heap()+0xe3
V  [libjvm.so+0x9fdbc4]  universe_init()+0x64
V  [libjvm.so+0x5d45c5]  init_globals()+0x65
V  [libjvm.so+0x9e44ad]  Threads::create_vm(JavaVMInitArgs*, bool*)+0x24d
V  [libjvm.so+0x6659f4]  JNI_CreateJavaVM+0x74
C  [libjli.so+0x703e]  JavaMain+0x9e


---------------  P R O C E S S  ---------------

Java Threads: ( => current thread )

Other Threads:

=>0x000000000226c000 (exited) JavaThread "Unknown thread" [_thread_in_vm, id=18745, stack(0x00007f5aae929000,0x00007f5aaea2a000)]

VM state:not at safepoint (not fully initialized)

VM Mutex/Monitor currently owned by a thread: None

GC Heap History (0 events):
No events

Deoptimization events (0 events):
No events

Internal exceptions (0 events):
No events

Events (0 events):
No events


Dynamic libraries:
00400000-00401000 r-xp 00000000 08:01 527557                             /opt/java-oracle/jdk1.8.0_05/bin/java
00600000-00601000 rw-p 00000000 08:01 527557                             /opt/java-oracle/jdk1.8.0_05/bin/java
02261000-022a3000 rw-p 00000000 00:00 0                                  [heap]
f0600000-f0740000 rw-p 00000000 00:00 0 
f0740000-f5950000 ---p 00000000 00:00 0 
f6810000-100000000 ---p 00000000 00:00 0 
7f5a9c5fe000-7f5a9c870000 rw-p 00000000 00:00 0 
7f5a9c870000-7f5a9cc26000 ---p 00000000 00:00 0 
7f5a9cc26000-7f5a9ce96000 rwxp 00000000 00:00 0 
7f5a9ce96000-7f5aabc26000 ---p 00000000 00:00 0 
7f5aabc26000-7f5aabc42000 r-xp 00000000 08:01 526287                     /opt/java-oracle/jdk1.8.0_05/jre/lib/amd64/libzip.so
7f5aabc42000-7f5aabe41000 ---p 0001c000 08:01 526287                     /opt/java-oracle/jdk1.8.0_05/jre/lib/amd64/libzip.so
7f5aabe41000-7f5aabe42000 rw-p 0001b000 08:01 526287                     /opt/java-oracle/jdk1.8.0_05/jre/lib/amd64/libzip.so
7f5aabe42000-7f5aabe4d000 r-xp 00000000 08:01 1835028                    /lib/x86_64-linux-gnu/libnss_files-2.13.so
7f5aabe4d000-7f5aac04c000 ---p 0000b000 08:01 1835028                    /lib/x86_64-linux-gnu/libnss_files-2.13.so
7f5aac04c000-7f5aac04d000 r--p 0000a000 08:01 1835028                    /lib/x86_64-linux-gnu/libnss_files-2.13.so
7f5aac04d000-7f5aac04e000 rw-p 0000b000 08:01 1835028                    /lib/x86_64-linux-gnu/libnss_files-2.13.so
7f5aac04e000-7f5aac058000 r-xp 00000000 08:01 1835024                    /lib/x86_64-linux-gnu/libnss_nis-2.13.so
7f5aac058000-7f5aac257000 ---p 0000a000 08:01 1835024                    /lib/x86_64-linux-gnu/libnss_nis-2.13.so
7f5aac257000-7f5aac258000 r--p 00009000 08:01 1835024                    /lib/x86_64-linux-gnu/libnss_nis-2.13.so
7f5aac258000-7f5aac259000 rw-p 0000a000 08:01 1835024                    /lib/x86_64-linux-gnu/libnss_nis-2.13.so
7f5aac259000-7f5aac26e000 r-xp 00000000 08:01 1835022                    /lib/x86_64-linux-gnu/libnsl-2.13.so
7f5aac26e000-7f5aac46d000 ---p 00015000 08:01 1835022                    /lib/x86_64-linux-gnu/libnsl-2.13.so
7f5aac46d000-7f5aac46e000 r--p 00014000 08:01 1835022                    /lib/x86_64-linux-gnu/libnsl-2.13.so
7f5aac46e000-7f5aac46f000 rw-p 00015000 08:01 1835022                    /lib/x86_64-linux-gnu/libnsl-2.13.so
7f5aac46f000-7f5aac471000 rw-p 00000000 00:00 0 
7f5aac471000-7f5aac478000 r-xp 00000000 08:01 1835017                    /lib/x86_64-linux-gnu/libnss_compat-2.13.so
7f5aac478000-7f5aac677000 ---p 00007000 08:01 1835017                    /lib/x86_64-linux-gnu/libnss_compat-2.13.so
7f5aac677000-7f5aac678000 r--p 00006000 08:01 1835017                    /lib/x86_64-linux-gnu/libnss_compat-2.13.so
7f5aac678000-7f5aac679000 rw-p 00007000 08:01 1835017                    /lib/x86_64-linux-gnu/libnss_compat-2.13.so
7f5aac679000-7f5aac6a3000 r-xp 00000000 08:01 526285                     /opt/java-oracle/jdk1.8.0_05/jre/lib/amd64/libjava.so
7f5aac6a3000-7f5aac8a3000 ---p 0002a000 08:01 526285                     /opt/java-oracle/jdk1.8.0_05/jre/lib/amd64/libjava.so
7f5aac8a3000-7f5aac8a5000 rw-p 0002a000 08:01 526285                     /opt/java-oracle/jdk1.8.0_05/jre/lib/amd64/libjava.so
7f5aac8a5000-7f5aac8b2000 r-xp 00000000 08:01 526292                     /opt/java-oracle/jdk1.8.0_05/jre/lib/amd64/libverify.so
7f5aac8b2000-7f5aacab2000 ---p 0000d000 08:01 526292                     /opt/java-oracle/jdk1.8.0_05/jre/lib/amd64/libverify.so
7f5aacab2000-7f5aacab4000 rw-p 0000d000 08:01 526292                     /opt/java-oracle/jdk1.8.0_05/jre/lib/amd64/libverify.so
7f5aacab4000-7f5aacabb000 r-xp 00000000 08:01 1835032                    /lib/x86_64-linux-gnu/librt-2.13.so
7f5aacabb000-7f5aaccba000 ---p 00007000 08:01 1835032                    /lib/x86_64-linux-gnu/librt-2.13.so
7f5aaccba000-7f5aaccbb000 r--p 00006000 08:01 1835032                    /lib/x86_64-linux-gnu/librt-2.13.so
7f5aaccbb000-7f5aaccbc000 rw-p 00007000 08:01 1835032                    /lib/x86_64-linux-gnu/librt-2.13.so
7f5aaccbc000-7f5aacd3d000 r-xp 00000000 08:01 1835019                    /lib/x86_64-linux-gnu/libm-2.13.so
7f5aacd3d000-7f5aacf3c000 ---p 00081000 08:01 1835019                    /lib/x86_64-linux-gnu/libm-2.13.so
7f5aacf3c000-7f5aacf3d000 r--p 00080000 08:01 1835019                    /lib/x86_64-linux-gnu/libm-2.13.so
7f5aacf3d000-7f5aacf3e000 rw-p 00081000 08:01 1835019                    /lib/x86_64-linux-gnu/libm-2.13.so
7f5aacf3e000-7f5aadb58000 r-xp 00000000 08:01 526277                     /opt/java-oracle/jdk1.8.0_05/jre/lib/amd64/server/libjvm.so
7f5aadb58000-7f5aadd57000 ---p 00c1a000 08:01 526277                     /opt/java-oracle/jdk1.8.0_05/jre/lib/amd64/server/libjvm.so
7f5aadd57000-7f5aade20000 rw-p 00c19000 08:01 526277                     /opt/java-oracle/jdk1.8.0_05/jre/lib/amd64/server/libjvm.so
7f5aade20000-7f5aade61000 rw-p 00000000 00:00 0 
7f5aade61000-7f5aadfe3000 r-xp 00000000 08:01 1835011                    /lib/x86_64-linux-gnu/libc-2.13.so
7f5aadfe3000-7f5aae1e2000 ---p 00182000 08:01 1835011                    /lib/x86_64-linux-gnu/libc-2.13.so
7f5aae1e2000-7f5aae1e6000 r--p 00181000 08:01 1835011                    /lib/x86_64-linux-gnu/libc-2.13.so
7f5aae1e6000-7f5aae1e7000 rw-p 00185000 08:01 1835011                    /lib/x86_64-linux-gnu/libc-2.13.so
7f5aae1e7000-7f5aae1ec000 rw-p 00000000 00:00 0 
7f5aae1ec000-7f5aae1ee000 r-xp 00000000 08:01 1835026                    /lib/x86_64-linux-gnu/libdl-2.13.so
7f5aae1ee000-7f5aae3ee000 ---p 00002000 08:01 1835026                    /lib/x86_64-linux-gnu/libdl-2.13.so
7f5aae3ee000-7f5aae3ef000 r--p 00002000 08:01 1835026                    /lib/x86_64-linux-gnu/libdl-2.13.so
7f5aae3ef000-7f5aae3f0000 rw-p 00003000 08:01 1835026                    /lib/x86_64-linux-gnu/libdl-2.13.so
7f5aae3f0000-7f5aae407000 r-xp 00000000 08:01 527515                     /opt/java-oracle/jdk1.8.0_05/lib/amd64/jli/libjli.so
7f5aae407000-7f5aae606000 ---p 00017000 08:01 527515                     /opt/java-oracle/jdk1.8.0_05/lib/amd64/jli/libjli.so
7f5aae606000-7f5aae607000 rw-p 00016000 08:01 527515                     /opt/java-oracle/jdk1.8.0_05/lib/amd64/jli/libjli.so
7f5aae607000-7f5aae61e000 r-xp 00000000 08:01 1835030                    /lib/x86_64-linux-gnu/libpthread-2.13.so
7f5aae61e000-7f5aae81d000 ---p 00017000 08:01 1835030                    /lib/x86_64-linux-gnu/libpthread-2.13.so
7f5aae81d000-7f5aae81e000 r--p 00016000 08:01 1835030                    /lib/x86_64-linux-gnu/libpthread-2.13.so
7f5aae81e000-7f5aae81f000 rw-p 00017000 08:01 1835030                    /lib/x86_64-linux-gnu/libpthread-2.13.so
7f5aae81f000-7f5aae823000 rw-p 00000000 00:00 0 
7f5aae823000-7f5aae843000 r-xp 00000000 08:01 1835034                    /lib/x86_64-linux-gnu/ld-2.13.so
7f5aae8ab000-7f5aae8ac000 rw-p 00000000 00:00 0 
7f5aae8ac000-7f5aae928000 ---p 00000000 00:00 0 
7f5aae928000-7f5aae929000 rw-p 00000000 00:00 0 
7f5aae929000-7f5aae92c000 ---p 00000000 00:00 0 
7f5aae92c000-7f5aaea2e000 rw-p 00000000 00:00 0 
7f5aaea34000-7f5aaea36000 rw-p 00000000 00:00 0 
7f5aaea36000-7f5aaea3e000 rw-s 00000000 08:01 3806412                    /tmp/hsperfdata_reath/18732
7f5aaea3e000-7f5aaea3f000 rw-p 00000000 00:00 0 
7f5aaea3f000-7f5aaea40000 r--p 00000000 00:00 0 
7f5aaea40000-7f5aaea42000 rw-p 00000000 00:00 0 
7f5aaea42000-7f5aaea43000 r--p 0001f000 08:01 1835034                    /lib/x86_64-linux-gnu/ld-2.13.so
7f5aaea43000-7f5aaea44000 rw-p 00020000 08:01 1835034                    /lib/x86_64-linux-gnu/ld-2.13.so
7f5aaea44000-7f5aaea45000 rw-p 00000000 00:00 0 
7fff7e431000-7fff7e452000 rw-p 00000000 00:00 0                          [stack]
7fff7e45f000-7fff7e460000 r-xp 00000000 00:00 0                          [vdso]
ffffffffff600000-ffffffffff601000 r-xp 00000000 00:00 0                  [vsyscall]

VM Arguments:
jvm_args: -Dfile.encoding=UTF-8 
java_command: HangManLogic
java_class_path (initial): /home/reath/workspace/Hangman/bin:/home/reath/workspace/Hangman/lib/jsoup-1.7.3.jar
Launcher Type: SUN_STANDARD

Environment Variables:
PATH=/usr/local/bin:/usr/bin:/bin:/usr/local/games:/usr/games
USERNAME=reath
SHELL=/bin/bash
DISPLAY=:0.0

Signal Handlers:
SIGSEGV: [libjvm.so+0xa2fc90], sa_mask[0]=0x7ffbfeff, sa_flags=0x10000004
SIGBUS: [libjvm.so+0xa2fc90], sa_mask[0]=0x7ffbfeff, sa_flags=0x10000004
SIGFPE: [libjvm.so+0x89b4b0], sa_mask[0]=0x7ffbfeff, sa_flags=0x10000004
SIGPIPE: [libjvm.so+0x89b4b0], sa_mask[0]=0x7ffbfeff, sa_flags=0x10000004
SIGXFSZ: [libjvm.so+0x89b4b0], sa_mask[0]=0x7ffbfeff, sa_flags=0x10000004
SIGILL: [libjvm.so+0x89b4b0], sa_mask[0]=0x7ffbfeff, sa_flags=0x10000004
SIGUSR1: SIG_DFL, sa_mask[0]=0x00000000, sa_flags=0x00000000
SIGUSR2: [libjvm.so+0x89cc50], sa_mask[0]=0x00000004, sa_flags=0x10000004
SIGHUP: SIG_DFL, sa_mask[0]=0x00000000, sa_flags=0x00000000
SIGINT: SIG_DFL, sa_mask[0]=0x00000000, sa_flags=0x00000000
SIGTERM: SIG_DFL, sa_mask[0]=0x00000000, sa_flags=0x00000000
SIGQUIT: SIG_DFL, sa_mask[0]=0x00000000, sa_flags=0x00000000


---------------  S Y S T E M  ---------------

OS:PRETTY_NAME="Debian GNU/Linux 7 (wheezy)"
NAME="Debian GNU/Linux"
VERSION_ID="7"
VERSION="7 (wheezy)"
ID=debian
ANSI_COLOR="1;31"
HOME_URL="http://www.debian.org/"
SUPPORT_URL="http://www.debian.org/support/"
BUG_REPORT_URL="http://bugs.debian.org/"

uname:Linux 3.2.0-4-amd64 #1 SMP Debian 3.2.57-3 x86_64
libc:glibc 2.13 NPTL 2.13 
rlimit: STACK 8192k, CORE 0k, NPROC 7901, NOFILE 4096, AS infinity
load average:35.62 8.16 3.48

/proc/meminfo:
MemTotal:        1023536 kB
MemFree:           49216 kB
Buffers:             128 kB
Cached:             4576 kB
SwapCached:        12252 kB
Active:           429860 kB
Inactive:         430336 kB
Active(anon):     427996 kB
Inactive(anon):   428312 kB
Active(file):       1864 kB
Inactive(file):     2024 kB
Unevictable:          24 kB
Mlocked:              24 kB
SwapTotal:       2094076 kB
SwapFree:              0 kB
Dirty:                 0 kB
Writeback:             4 kB
AnonPages:        843600 kB
Mapped:             2696 kB
Shmem:               776 kB
Slab:              36688 kB
SReclaimable:       9028 kB
SUnreclaim:        27660 kB
KernelStack:       17632 kB
PageTables:        42008 kB
NFS_Unstable:          0 kB
Bounce:                0 kB
WritebackTmp:          0 kB
CommitLimit:     2605844 kB
Committed_AS:    7596168 kB
VmallocTotal:   34359738367 kB
VmallocUsed:       22132 kB
VmallocChunk:   34359702135 kB
HardwareCorrupted:     0 kB
AnonHugePages:         0 kB
HugePages_Total:       0
HugePages_Free:        0
HugePages_Rsvd:        0
HugePages_Surp:        0
Hugepagesize:       2048 kB
DirectMap4k:       49088 kB
DirectMap2M:      999424 kB


CPU:total 1 (1 cores per cpu, 1 threads per core) family 6 model 70 stepping 1, cmov, cx8, fxsr, mmx, sse, sse2, sse3, ssse3, sse4.1, sse4.2, popcnt, avx, aes, clmul, erms, tsc, tscinvbit

/proc/cpuinfo:
processor	: 0
vendor_id	: GenuineIntel
cpu family	: 6
model		: 70
model name	: Intel(R) Core(TM) i7-4850HQ CPU @ 2.30GHz
stepping	: 1
cpu MHz		: 2294.000
cache size	: 6144 KB
fpu		: yes
fpu_exception	: yes
cpuid level	: 13
wp		: yes
flags		: fpu vme de pse tsc msr pae mce cx8 apic sep mtrr pge mca cmov pat pse36 clflush mmx fxsr sse sse2 ss ht syscall nx rdtscp lm constant_tsc up nopl xtopology nonstop_tsc pni pclmulqdq ssse3 cx16 pcid sse4_1 sse4_2 x2apic movbe popcnt aes xsave avx f16c rdrand hypervisor lahf_lm ida arat fsgsbase smep
bogomips	: 4588.00
clflush size	: 64
cache_alignment	: 64
address sizes	: 36 bits physical, 48 bits virtual
power management:



Memory: 4k page, physical 1023536k(49572k free), swap 2094076k(0k free)

vm_info: Java HotSpot(TM) 64-Bit Server VM (25.5-b02) for linux-amd64 JRE (1.8.0_05-b13), built on Mar 18 2014 00:29:27 by "java_re" with gcc 4.3.0 20080428 (Red Hat 4.3.0-8)

time: Sun May 18 18:42:38 2014
elapsed time: 12 seconds

